  draft1.cpp
C:\Users\ayahi\OneDrive\Desktop\Project CS102\Project CS102\draft1.cpp(35,13): warning C4309: '=': truncation of constant value
C:\Users\ayahi\OneDrive\Desktop\Project CS102\Project CS102\draft1.cpp(36,15): warning C4309: '=': truncation of constant value
C:\Users\ayahi\OneDrive\Desktop\Project CS102\Project CS102\draft1.cpp(42,14): warning C4309: '=': truncation of constant value
C:\Users\ayahi\OneDrive\Desktop\Project CS102\Project CS102\draft1.cpp(49,14): warning C4309: '=': truncation of constant value
C:\Users\ayahi\OneDrive\Desktop\Project CS102\Project CS102\draft1.cpp(58,14): warning C4309: '=': truncation of constant value
C:\Users\ayahi\OneDrive\Desktop\Project CS102\Project CS102\draft1.cpp(68,14): warning C4309: '=': truncation of constant value
C:\Users\ayahi\OneDrive\Desktop\Project CS102\Project CS102\draft1.cpp(75,14): warning C4309: '=': truncation of constant value
C:\Users\ayahi\OneDrive\Desktop\Project CS102\Project CS102\draft1.cpp(83,14): warning C4309: '=': truncation of constant value
C:\Users\ayahi\OneDrive\Desktop\Project CS102\Project CS102\draft1.cpp(88,13): warning C4309: '=': truncation of constant value
C:\Users\ayahi\OneDrive\Desktop\Project CS102\Project CS102\draft1.cpp(89,13): warning C4309: '=': truncation of constant value
C:\Users\ayahi\OneDrive\Desktop\Project CS102\Project CS102\draft1.cpp(90,13): warning C4309: '=': truncation of constant value
C:\Users\ayahi\OneDrive\Desktop\Project CS102\Project CS102\draft1.cpp(92,13): warning C4309: '=': truncation of constant value
C:\Users\ayahi\OneDrive\Desktop\Project CS102\Project CS102\draft1.cpp(93,13): warning C4309: '=': truncation of constant value
C:\Users\ayahi\OneDrive\Desktop\Project CS102\Project CS102\draft1.cpp(94,13): warning C4309: '=': truncation of constant value
C:\Users\ayahi\OneDrive\Desktop\Project CS102\Project CS102\draft1.cpp(97,14): warning C4309: '=': truncation of constant value
C:\Users\ayahi\OneDrive\Desktop\Project CS102\Project CS102\draft1.cpp(98,14): warning C4309: '=': truncation of constant value
C:\Users\ayahi\OneDrive\Desktop\Project CS102\Project CS102\draft1.cpp(99,14): warning C4309: '=': truncation of constant value
C:\Users\ayahi\OneDrive\Desktop\Project CS102\Project CS102\draft1.cpp(101,14): warning C4309: '=': truncation of constant value
C:\Users\ayahi\OneDrive\Desktop\Project CS102\Project CS102\draft1.cpp(102,14): warning C4309: '=': truncation of constant value
C:\Users\ayahi\OneDrive\Desktop\Project CS102\Project CS102\draft1.cpp(103,14): warning C4309: '=': truncation of constant value
C:\Users\ayahi\OneDrive\Desktop\Project CS102\Project CS102\draft1.cpp(110,14): warning C4309: '=': truncation of constant value
C:\Users\ayahi\OneDrive\Desktop\Project CS102\Project CS102\draft1.cpp(118,13): warning C4309: '=': truncation of constant value
C:\Users\ayahi\OneDrive\Desktop\Project CS102\Project CS102\draft1.cpp(123,14): warning C4309: '=': truncation of constant value
C:\Users\ayahi\OneDrive\Desktop\Project CS102\Project CS102\draft1.cpp(125,14): warning C4309: '=': truncation of constant value
C:\Users\ayahi\OneDrive\Desktop\Project CS102\Project CS102\draft1.cpp(130,14): warning C4309: '=': truncation of constant value
C:\Users\ayahi\OneDrive\Desktop\Project CS102\Project CS102\draft1.cpp(134,14): warning C4309: '=': truncation of constant value
C:\Users\ayahi\OneDrive\Desktop\Project CS102\Project CS102\draft1.cpp(139,14): warning C4309: '=': truncation of constant value
C:\Users\ayahi\OneDrive\Desktop\Project CS102\Project CS102\draft1.cpp(141,14): warning C4309: '=': truncation of constant value
C:\Users\ayahi\OneDrive\Desktop\Project CS102\Project CS102\draft1.cpp(147,14): warning C4309: '=': truncation of constant value
C:\Users\ayahi\OneDrive\Desktop\Project CS102\Project CS102\draft1.cpp(148,14): warning C4309: '=': truncation of constant value
C:\Users\ayahi\OneDrive\Desktop\Project CS102\Project CS102\draft1.cpp(149,14): warning C4309: '=': truncation of constant value
C:\Users\ayahi\OneDrive\Desktop\Project CS102\Project CS102\draft1.cpp(150,14): warning C4309: '=': truncation of constant value
C:\Users\ayahi\OneDrive\Desktop\Project CS102\Project CS102\draft1.cpp(151,14): warning C4309: '=': truncation of constant value
C:\Users\ayahi\OneDrive\Desktop\Project CS102\Project CS102\draft1.cpp(152,14): warning C4309: '=': truncation of constant value
C:\Users\ayahi\OneDrive\Desktop\Project CS102\Project CS102\draft1.cpp(153,14): warning C4309: '=': truncation of constant value
C:\Users\ayahi\OneDrive\Desktop\Project CS102\Project CS102\draft1.cpp(154,14): warning C4309: '=': truncation of constant value
C:\Users\ayahi\OneDrive\Desktop\Project CS102\Project CS102\draft1.cpp(157,14): warning C4309: '=': truncation of constant value
C:\Users\ayahi\OneDrive\Desktop\Project CS102\Project CS102\draft1.cpp(158,14): warning C4309: '=': truncation of constant value
C:\Users\ayahi\OneDrive\Desktop\Project CS102\Project CS102\draft1.cpp(159,14): warning C4309: '=': truncation of constant value
C:\Users\ayahi\OneDrive\Desktop\Project CS102\Project CS102\draft1.cpp(160,14): warning C4309: '=': truncation of constant value
C:\Users\ayahi\OneDrive\Desktop\Project CS102\Project CS102\draft1.cpp(161,14): warning C4309: '=': truncation of constant value
C:\Users\ayahi\OneDrive\Desktop\Project CS102\Project CS102\draft1.cpp(162,14): warning C4309: '=': truncation of constant value
C:\Users\ayahi\OneDrive\Desktop\Project CS102\Project CS102\draft1.cpp(166,14): warning C4309: '=': truncation of constant value
C:\Users\ayahi\OneDrive\Desktop\Project CS102\Project CS102\draft1.cpp(167,14): warning C4309: '=': truncation of constant value
C:\Users\ayahi\OneDrive\Desktop\Project CS102\Project CS102\draft1.cpp(168,14): warning C4309: '=': truncation of constant value
C:\Users\ayahi\OneDrive\Desktop\Project CS102\Project CS102\draft1.cpp(169,14): warning C4309: '=': truncation of constant value
C:\Users\ayahi\OneDrive\Desktop\Project CS102\Project CS102\draft1.cpp(170,14): warning C4309: '=': truncation of constant value
C:\Users\ayahi\OneDrive\Desktop\Project CS102\Project CS102\draft1.cpp(171,14): warning C4309: '=': truncation of constant value
C:\Users\ayahi\OneDrive\Desktop\Project CS102\Project CS102\draft1.cpp(172,14): warning C4309: '=': truncation of constant value
C:\Users\ayahi\OneDrive\Desktop\Project CS102\Project CS102\draft1.cpp(173,14): warning C4309: '=': truncation of constant value
C:\Users\ayahi\OneDrive\Desktop\Project CS102\Project CS102\draft1.cpp(174,14): warning C4309: '=': truncation of constant value
C:\Users\ayahi\OneDrive\Desktop\Project CS102\Project CS102\draft1.cpp(175,14): warning C4309: '=': truncation of constant value
C:\Users\ayahi\OneDrive\Desktop\Project CS102\Project CS102\draft1.cpp(176,14): warning C4309: '=': truncation of constant value
C:\Users\ayahi\OneDrive\Desktop\Project CS102\Project CS102\draft1.cpp(179,14): warning C4309: '=': truncation of constant value
C:\Users\ayahi\OneDrive\Desktop\Project CS102\Project CS102\draft1.cpp(180,14): warning C4309: '=': truncation of constant value
C:\Users\ayahi\OneDrive\Desktop\Project CS102\Project CS102\draft1.cpp(181,14): warning C4309: '=': truncation of constant value
C:\Users\ayahi\OneDrive\Desktop\Project CS102\Project CS102\draft1.cpp(182,14): warning C4309: '=': truncation of constant value
C:\Users\ayahi\OneDrive\Desktop\Project CS102\Project CS102\draft1.cpp(183,14): warning C4309: '=': truncation of constant value
C:\Users\ayahi\OneDrive\Desktop\Project CS102\Project CS102\draft1.cpp(184,14): warning C4309: '=': truncation of constant value
C:\Users\ayahi\OneDrive\Desktop\Project CS102\Project CS102\draft1.cpp(187,14): warning C4309: '=': truncation of constant value
C:\Users\ayahi\OneDrive\Desktop\Project CS102\Project CS102\draft1.cpp(188,14): warning C4309: '=': truncation of constant value
C:\Users\ayahi\OneDrive\Desktop\Project CS102\Project CS102\draft1.cpp(189,15): warning C4309: '=': truncation of constant value
C:\Users\ayahi\OneDrive\Desktop\Project CS102\Project CS102\draft1.cpp(190,15): warning C4309: '=': truncation of constant value
C:\Users\ayahi\OneDrive\Desktop\Project CS102\Project CS102\draft1.cpp(191,15): warning C4309: '=': truncation of constant value
C:\Users\ayahi\OneDrive\Desktop\Project CS102\Project CS102\draft1.cpp(192,15): warning C4309: '=': truncation of constant value
C:\Users\ayahi\OneDrive\Desktop\Project CS102\Project CS102\draft1.cpp(196,14): warning C4309: '=': truncation of constant value
C:\Users\ayahi\OneDrive\Desktop\Project CS102\Project CS102\draft1.cpp(199,13): warning C4309: '=': truncation of constant value
C:\Users\ayahi\OneDrive\Desktop\Project CS102\Project CS102\draft1.cpp(201,14): warning C4309: '=': truncation of constant value
C:\Users\ayahi\OneDrive\Desktop\Project CS102\Project CS102\draft1.cpp(213,15): warning C4309: '=': truncation of constant value
C:\Users\ayahi\OneDrive\Desktop\Project CS102\Project CS102\draft1.cpp(214,15): warning C4309: '=': truncation of constant value
C:\Users\ayahi\OneDrive\Desktop\Project CS102\Project CS102\draft1.cpp(215,15): warning C4309: '=': truncation of constant value
C:\Users\ayahi\OneDrive\Desktop\Project CS102\Project CS102\draft1.cpp(216,15): warning C4309: '=': truncation of constant value
C:\Users\ayahi\OneDrive\Desktop\Project CS102\Project CS102\draft1.cpp(217,15): warning C4309: '=': truncation of constant value
C:\Users\ayahi\OneDrive\Desktop\Project CS102\Project CS102\draft1.cpp(218,15): warning C4309: '=': truncation of constant value
C:\Users\ayahi\OneDrive\Desktop\Project CS102\Project CS102\draft1.cpp(219,15): warning C4309: '=': truncation of constant value
C:\Users\ayahi\OneDrive\Desktop\Project CS102\Project CS102\draft1.cpp(220,15): warning C4309: '=': truncation of constant value
C:\Users\ayahi\OneDrive\Desktop\Project CS102\Project CS102\draft1.cpp(224,15): warning C4309: '=': truncation of constant value
C:\Users\ayahi\OneDrive\Desktop\Project CS102\Project CS102\draft1.cpp(225,15): warning C4309: '=': truncation of constant value
C:\Users\ayahi\OneDrive\Desktop\Project CS102\Project CS102\draft1.cpp(226,15): warning C4309: '=': truncation of constant value
C:\Users\ayahi\OneDrive\Desktop\Project CS102\Project CS102\draft1.cpp(227,15): warning C4309: '=': truncation of constant value
C:\Users\ayahi\OneDrive\Desktop\Project CS102\Project CS102\draft1.cpp(228,15): warning C4309: '=': truncation of constant value
C:\Users\ayahi\OneDrive\Desktop\Project CS102\Project CS102\draft1.cpp(229,15): warning C4309: '=': truncation of constant value
C:\Users\ayahi\OneDrive\Desktop\Project CS102\Project CS102\draft1.cpp(230,15): warning C4309: '=': truncation of constant value
C:\Users\ayahi\OneDrive\Desktop\Project CS102\Project CS102\draft1.cpp(231,15): warning C4309: '=': truncation of constant value
C:\Users\ayahi\OneDrive\Desktop\Project CS102\Project CS102\draft1.cpp(234,15): warning C4309: '=': truncation of constant value
C:\Users\ayahi\OneDrive\Desktop\Project CS102\Project CS102\draft1.cpp(237,14): warning C4309: '=': truncation of constant value
C:\Users\ayahi\OneDrive\Desktop\Project CS102\Project CS102\draft1.cpp(239,15): warning C4309: '=': truncation of constant value
C:\Users\ayahi\OneDrive\Desktop\Project CS102\Project CS102\draft1.cpp(243,15): warning C4309: '=': truncation of constant value
C:\Users\ayahi\OneDrive\Desktop\Project CS102\Project CS102\draft1.cpp(247,15): warning C4309: '=': truncation of constant value
C:\Users\ayahi\OneDrive\Desktop\Project CS102\Project CS102\draft1.cpp(253,15): warning C4309: '=': truncation of constant value
C:\Users\ayahi\OneDrive\Desktop\Project CS102\Project CS102\draft1.cpp(255,15): warning C4309: '=': truncation of constant value
C:\Users\ayahi\OneDrive\Desktop\Project CS102\Project CS102\draft1.cpp(258,14): warning C4309: '=': truncation of constant value
C:\Users\ayahi\OneDrive\Desktop\Project CS102\Project CS102\draft1.cpp(268,15): warning C4309: '=': truncation of constant value
C:\Users\ayahi\OneDrive\Desktop\Project CS102\Project CS102\draft1.cpp(269,15): warning C4309: '=': truncation of constant value
C:\Users\ayahi\OneDrive\Desktop\Project CS102\Project CS102\draft1.cpp(300,15): warning C4309: '=': truncation of constant value
C:\Users\ayahi\OneDrive\Desktop\Project CS102\Project CS102\draft1.cpp(309,15): warning C4309: '=': truncation of constant value
C:\Users\ayahi\OneDrive\Desktop\Project CS102\Project CS102\draft1.cpp(319,15): warning C4309: '=': truncation of constant value
C:\Users\ayahi\OneDrive\Desktop\Project CS102\Project CS102\draft1.cpp(329,15): warning C4309: '=': truncation of constant value
C:\Users\ayahi\OneDrive\Desktop\Project CS102\Project CS102\draft1.cpp(339,14): warning C4309: '=': truncation of constant value
C:\Users\ayahi\OneDrive\Desktop\Project CS102\Project CS102\draft1.cpp(349,14): warning C4309: '=': truncation of constant value
C:\Users\ayahi\OneDrive\Desktop\Project CS102\Project CS102\draft1.cpp(358,14): warning C4309: '=': truncation of constant value
C:\Users\ayahi\OneDrive\Desktop\Project CS102\Project CS102\draft1.cpp(366,16): warning C4309: '=': truncation of constant value
C:\Users\ayahi\OneDrive\Desktop\Project CS102\Project CS102\draft1.cpp(374,16): warning C4309: '=': truncation of constant value
C:\Users\ayahi\OneDrive\Desktop\Project CS102\Project CS102\draft1.cpp(382,16): warning C4309: '=': truncation of constant value
C:\Users\ayahi\OneDrive\Desktop\Project CS102\Project CS102\draft1.cpp(454,18): warning C4309: '=': truncation of constant value
C:\Users\ayahi\OneDrive\Desktop\Project CS102\Project CS102\draft1.cpp(460,18): warning C4309: '=': truncation of constant value
C:\Users\ayahi\OneDrive\Desktop\Project CS102\Project CS102\draft1.cpp(463,17): warning C4309: '=': truncation of constant value
C:\Users\ayahi\OneDrive\Desktop\Project CS102\Project CS102\draft1.cpp(466,22): warning C4309: '=': truncation of constant value
C:\Users\ayahi\OneDrive\Desktop\Project CS102\Project CS102\draft1.cpp(469,21): warning C4309: '=': truncation of constant value
C:\Users\ayahi\OneDrive\Desktop\Project CS102\Project CS102\draft1.cpp(472,22): warning C4309: '=': truncation of constant value
C:\Users\ayahi\OneDrive\Desktop\Project CS102\Project CS102\draft1.cpp(478,18): warning C4309: '=': truncation of constant value
C:\Users\ayahi\OneDrive\Desktop\Project CS102\Project CS102\draft1.cpp(484,18): warning C4309: '=': truncation of constant value
C:\Users\ayahi\OneDrive\Desktop\Project CS102\Project CS102\draft1.cpp(487,17): warning C4309: '=': truncation of constant value
C:\Users\ayahi\OneDrive\Desktop\Project CS102\Project CS102\draft1.cpp(490,22): warning C4309: '=': truncation of constant value
C:\Users\ayahi\OneDrive\Desktop\Project CS102\Project CS102\draft1.cpp(493,21): warning C4309: '=': truncation of constant value
C:\Users\ayahi\OneDrive\Desktop\Project CS102\Project CS102\draft1.cpp(496,22): warning C4309: '=': truncation of constant value
C:\Users\ayahi\OneDrive\Desktop\Project CS102\Project CS102\draft1.cpp(502,20): warning C4309: '=': truncation of constant value
C:\Users\ayahi\OneDrive\Desktop\Project CS102\Project CS102\draft1.cpp(523,18): warning C4309: '=': truncation of constant value
C:\Users\ayahi\OneDrive\Desktop\Project CS102\Project CS102\draft1.cpp(529,18): warning C4309: '=': truncation of constant value
C:\Users\ayahi\OneDrive\Desktop\Project CS102\Project CS102\draft1.cpp(532,17): warning C4309: '=': truncation of constant value
C:\Users\ayahi\OneDrive\Desktop\Project CS102\Project CS102\draft1.cpp(535,22): warning C4309: '=': truncation of constant value
C:\Users\ayahi\OneDrive\Desktop\Project CS102\Project CS102\draft1.cpp(538,21): warning C4309: '=': truncation of constant value
C:\Users\ayahi\OneDrive\Desktop\Project CS102\Project CS102\draft1.cpp(541,22): warning C4309: '=': truncation of constant value
C:\Users\ayahi\OneDrive\Desktop\Project CS102\Project CS102\draft1.cpp(577,29): warning C4309: '=': truncation of constant value
C:\Users\ayahi\OneDrive\Desktop\Project CS102\Project CS102\draft1.cpp(579,29): warning C4309: '=': truncation of constant value
C:\Users\ayahi\OneDrive\Desktop\Project CS102\Project CS102\draft1.cpp(589,29): warning C4305: '=': truncation from 'int' to 'char'
C:\Users\ayahi\OneDrive\Desktop\Project CS102\Project CS102\draft1.cpp(589,25): warning C4309: '=': truncation of constant value
C:\Users\ayahi\OneDrive\Desktop\Project CS102\Project CS102\draft1.cpp(993,16): warning C4309: '=': truncation of constant value
C:\Users\ayahi\OneDrive\Desktop\Project CS102\Project CS102\draft1.cpp(1042,24): warning C4309: '=': truncation of constant value
C:\Users\ayahi\OneDrive\Desktop\Project CS102\Project CS102\draft1.cpp(1043,28): warning C4309: '=': truncation of constant value
C:\Users\ayahi\OneDrive\Desktop\Project CS102\Project CS102\draft1.cpp(1107,1): warning C4326: return type of 'main' should be 'int' instead of 'void'
C:\Users\ayahi\OneDrive\Desktop\Project CS102\Project CS102\draft1.cpp(1177,14): warning C4309: '=': truncation of constant value
C:\Users\ayahi\OneDrive\Desktop\Project CS102\Project CS102\draft1.cpp(1405,31): warning C4305: '=': truncation from 'int' to 'char'
C:\Users\ayahi\OneDrive\Desktop\Project CS102\Project CS102\draft1.cpp(1405,27): warning C4309: '=': truncation of constant value
  Project CS102.vcxproj -> C:\Users\ayahi\OneDrive\Desktop\Project CS102\x64\Debug\Project CS102.exe
